  [1m[35m (16.1ms)[0m  [1m[35mCREATE TABLE "schema_migrations" ("version" varchar NOT NULL PRIMARY KEY)[0m
  [1m[35m (13.3ms)[0m  [1m[35mCREATE TABLE "ar_internal_metadata" ("key" varchar NOT NULL PRIMARY KEY, "value" varchar, "created_at" datetime(6) NOT NULL, "updated_at" datetime(6) NOT NULL)[0m
  [1m[36mActiveRecord::SchemaMigration Pluck (0.3ms)[0m  [1m[34mSELECT "schema_migrations"."version" FROM "schema_migrations" ORDER BY "schema_migrations"."version" ASC[0m
Migrating to CreateMovies (20230328083201)
  [1m[36mTRANSACTION (0.1ms)[0m  [1m[36mbegin transaction[0m
  [1m[35m (0.4ms)[0m  [1m[35mCREATE TABLE "movies" ("id" integer PRIMARY KEY AUTOINCREMENT NOT NULL, "image" varchar, "title" varchar, "year" integer, "director" varchar, "created_at" datetime(6) NOT NULL, "updated_at" datetime(6) NOT NULL)[0m
  [1m[36mActiveRecord::SchemaMigration Create (0.3ms)[0m  [1m[32mINSERT INTO "schema_migrations" ("version") VALUES (?)[0m  [["version", "20230328083201"]]
  [1m[36mTRANSACTION (17.8ms)[0m  [1m[36mcommit transaction[0m
Migrating to CreateReviews (20230328083215)
  [1m[36mTRANSACTION (0.1ms)[0m  [1m[36mbegin transaction[0m
  [1m[35m (0.3ms)[0m  [1m[35mCREATE TABLE "reviews" ("id" integer PRIMARY KEY AUTOINCREMENT NOT NULL, "rating" integer, "comment" text, "user_id" integer NOT NULL, "movie_id" integer NOT NULL, "created_at" datetime(6) NOT NULL, "updated_at" datetime(6) NOT NULL, CONSTRAINT "fk_rails_74a66bd6c5"
FOREIGN KEY ("user_id")
  REFERENCES "users" ("id")
, CONSTRAINT "fk_rails_6ad75a4852"
FOREIGN KEY ("movie_id")
  REFERENCES "movies" ("id")
)[0m
  [1m[35m (0.1ms)[0m  [1m[35mCREATE INDEX "index_reviews_on_user_id" ON "reviews" ("user_id")[0m
  [1m[35m (0.1ms)[0m  [1m[35mCREATE INDEX "index_reviews_on_movie_id" ON "reviews" ("movie_id")[0m
  [1m[36mActiveRecord::SchemaMigration Create (0.2ms)[0m  [1m[32mINSERT INTO "schema_migrations" ("version") VALUES (?)[0m  [["version", "20230328083215"]]
  [1m[36mTRANSACTION (13.1ms)[0m  [1m[36mcommit transaction[0m
Migrating to CreateUsers (20230328222140)
  [1m[36mTRANSACTION (0.1ms)[0m  [1m[36mbegin transaction[0m
  [1m[35m (0.3ms)[0m  [1m[35mCREATE TABLE "users" ("id" integer PRIMARY KEY AUTOINCREMENT NOT NULL, "username" varchar, "email" varchar, "year_born" integer, "password_digest" varchar, "created_at" datetime(6) NOT NULL, "updated_at" datetime(6) NOT NULL)[0m
  [1m[36mActiveRecord::SchemaMigration Create (0.5ms)[0m  [1m[32mINSERT INTO "schema_migrations" ("version") VALUES (?)[0m  [["version", "20230328222140"]]
  [1m[36mTRANSACTION (14.0ms)[0m  [1m[36mcommit transaction[0m
Migrating to CreateUserMovies (20230329002911)
  [1m[36mTRANSACTION (0.1ms)[0m  [1m[36mbegin transaction[0m
  [1m[35m (0.3ms)[0m  [1m[35mCREATE TABLE "user_movies" ("id" integer PRIMARY KEY AUTOINCREMENT NOT NULL, "genre" varchar, "user_id" integer NOT NULL, "movie_id" integer NOT NULL, "created_at" datetime(6) NOT NULL, "updated_at" datetime(6) NOT NULL, CONSTRAINT "fk_rails_e6836e33a5"
FOREIGN KEY ("user_id")
  REFERENCES "users" ("id")
, CONSTRAINT "fk_rails_af7366483f"
FOREIGN KEY ("movie_id")
  REFERENCES "movies" ("id")
)[0m
  [1m[35m (0.2ms)[0m  [1m[35mCREATE INDEX "index_user_movies_on_user_id" ON "user_movies" ("user_id")[0m
  [1m[35m (0.2ms)[0m  [1m[35mCREATE INDEX "index_user_movies_on_movie_id" ON "user_movies" ("movie_id")[0m
  [1m[36mActiveRecord::SchemaMigration Create (0.3ms)[0m  [1m[32mINSERT INTO "schema_migrations" ("version") VALUES (?)[0m  [["version", "20230329002911"]]
  [1m[36mTRANSACTION (13.0ms)[0m  [1m[36mcommit transaction[0m
  [1m[36mActiveRecord::InternalMetadata Load (0.3ms)[0m  [1m[34mSELECT "ar_internal_metadata".* FROM "ar_internal_metadata" WHERE "ar_internal_metadata"."key" = ? LIMIT ?[0m  [["key", "environment"], ["LIMIT", 1]]
  [1m[36mTRANSACTION (0.1ms)[0m  [1m[36mbegin transaction[0m
  [1m[36mActiveRecord::InternalMetadata Create (0.3ms)[0m  [1m[32mINSERT INTO "ar_internal_metadata" ("key", "value", "created_at", "updated_at") VALUES (?, ?, ?, ?)[0m  [["key", "environment"], ["value", "development"], ["created_at", "2023-03-30 09:50:52.805884"], ["updated_at", "2023-03-30 09:50:52.805884"]]
  [1m[36mTRANSACTION (11.2ms)[0m  [1m[36mcommit transaction[0m
  [1m[36mActiveRecord::SchemaMigration Pluck (0.1ms)[0m  [1m[34mSELECT "schema_migrations"."version" FROM "schema_migrations" ORDER BY "schema_migrations"."version" ASC[0m
  [1m[36mActiveRecord::SchemaMigration Pluck (0.3ms)[0m  [1m[34mSELECT "schema_migrations"."version" FROM "schema_migrations" ORDER BY "schema_migrations"."version" ASC[0m
  [1m[36mActiveRecord::SchemaMigration Pluck (0.1ms)[0m  [1m[34mSELECT "schema_migrations"."version" FROM "schema_migrations" ORDER BY "schema_migrations"."version" ASC[0m
  [1m[36mTRANSACTION (0.1ms)[0m  [1m[36mbegin transaction[0m
  [1m[36mUser Exists? (0.1ms)[0m  [1m[34mSELECT 1 AS one FROM "users" WHERE "users"."username" = ? LIMIT ?[0m  [["username", "chloe_beier"], ["LIMIT", 1]]
  [1m[36mUser Exists? (0.1ms)[0m  [1m[34mSELECT 1 AS one FROM "users" WHERE "users"."email" = ? LIMIT ?[0m  [["email", "franklyn@harris.info"], ["LIMIT", 1]]
  [1m[36mUser Create (0.3ms)[0m  [1m[32mINSERT INTO "users" ("username", "email", "year_born", "password_digest", "created_at", "updated_at") VALUES (?, ?, ?, ?, ?, ?)[0m  [["username", "chloe_beier"], ["email", "franklyn@harris.info"], ["year_born", 1953], ["password_digest", "[FILTERED]"], ["created_at", "2023-03-30 09:53:35.885140"], ["updated_at", "2023-03-30 09:53:35.885140"]]
  [1m[36mTRANSACTION (15.0ms)[0m  [1m[36mcommit transaction[0m
  [1m[36mTRANSACTION (0.1ms)[0m  [1m[36mbegin transaction[0m
  [1m[36mUser Exists? (0.1ms)[0m  [1m[34mSELECT 1 AS one FROM "users" WHERE "users"."username" = ? LIMIT ?[0m  [["username", "john_haag"], ["LIMIT", 1]]
  [1m[36mUser Exists? (0.1ms)[0m  [1m[34mSELECT 1 AS one FROM "users" WHERE "users"."email" = ? LIMIT ?[0m  [["email", "akilah@weissnat-terry.net"], ["LIMIT", 1]]
  [1m[36mUser Create (0.2ms)[0m  [1m[32mINSERT INTO "users" ("username", "email", "year_born", "password_digest", "created_at", "updated_at") VALUES (?, ?, ?, ?, ?, ?)[0m  [["username", "john_haag"], ["email", "akilah@weissnat-terry.net"], ["year_born", 1966], ["password_digest", "[FILTERED]"], ["created_at", "2023-03-30 09:53:35.906176"], ["updated_at", "2023-03-30 09:53:35.906176"]]
  [1m[36mTRANSACTION (10.7ms)[0m  [1m[36mcommit transaction[0m
  [1m[36mTRANSACTION (0.1ms)[0m  [1m[36mbegin transaction[0m
  [1m[36mUser Exists? (0.4ms)[0m  [1m[34mSELECT 1 AS one FROM "users" WHERE "users"."username" = ? LIMIT ?[0m  [["username", "yoshiko"], ["LIMIT", 1]]
  [1m[36mUser Exists? (0.2ms)[0m  [1m[34mSELECT 1 AS one FROM "users" WHERE "users"."email" = ? LIMIT ?[0m  [["email", "georgeann@abbott.net"], ["LIMIT", 1]]
  [1m[36mUser Create (0.5ms)[0m  [1m[32mINSERT INTO "users" ("username", "email", "year_born", "password_digest", "created_at", "updated_at") VALUES (?, ?, ?, ?, ?, ?)[0m  [["username", "yoshiko"], ["email", "georgeann@abbott.net"], ["year_born", 1961], ["password_digest", "[FILTERED]"], ["created_at", "2023-03-30 09:53:35.931664"], ["updated_at", "2023-03-30 09:53:35.931664"]]
  [1m[36mTRANSACTION (10.7ms)[0m  [1m[36mcommit transaction[0m
  [1m[36mTRANSACTION (0.1ms)[0m  [1m[36mbegin transaction[0m
  [1m[36mUser Exists? (0.4ms)[0m  [1m[34mSELECT 1 AS one FROM "users" WHERE "users"."username" = ? LIMIT ?[0m  [["username", "brendan"], ["LIMIT", 1]]
  [1m[36mUser Exists? (0.2ms)[0m  [1m[34mSELECT 1 AS one FROM "users" WHERE "users"."email" = ? LIMIT ?[0m  [["email", "merlin.homenick@yundt.org"], ["LIMIT", 1]]
  [1m[36mUser Create (0.5ms)[0m  [1m[32mINSERT INTO "users" ("username", "email", "year_born", "password_digest", "created_at", "updated_at") VALUES (?, ?, ?, ?, ?, ?)[0m  [["username", "brendan"], ["email", "merlin.homenick@yundt.org"], ["year_born", 1970], ["password_digest", "[FILTERED]"], ["created_at", "2023-03-30 09:53:35.958351"], ["updated_at", "2023-03-30 09:53:35.958351"]]
  [1m[36mTRANSACTION (11.9ms)[0m  [1m[36mcommit transaction[0m
  [1m[36mTRANSACTION (0.1ms)[0m  [1m[36mbegin transaction[0m
  [1m[36mUser Exists? (0.2ms)[0m  [1m[34mSELECT 1 AS one FROM "users" WHERE "users"."username" = ? LIMIT ?[0m  [["username", "stephan_schoen"], ["LIMIT", 1]]
  [1m[36mUser Exists? (0.1ms)[0m  [1m[34mSELECT 1 AS one FROM "users" WHERE "users"."email" = ? LIMIT ?[0m  [["email", "yuri@kuphal.io"], ["LIMIT", 1]]
  [1m[36mUser Create (0.3ms)[0m  [1m[32mINSERT INTO "users" ("username", "email", "year_born", "password_digest", "created_at", "updated_at") VALUES (?, ?, ?, ?, ?, ?)[0m  [["username", "stephan_schoen"], ["email", "yuri@kuphal.io"], ["year_born", 1981], ["password_digest", "[FILTERED]"], ["created_at", "2023-03-30 09:53:35.979236"], ["updated_at", "2023-03-30 09:53:35.979236"]]
  [1m[36mTRANSACTION (16.8ms)[0m  [1m[36mcommit transaction[0m
  [1m[36mTRANSACTION (0.1ms)[0m  [1m[36mbegin transaction[0m
  [1m[36mUser Exists? (0.1ms)[0m  [1m[34mSELECT 1 AS one FROM "users" WHERE "users"."username" = ? LIMIT ?[0m  [["username", "whitley.upton"], ["LIMIT", 1]]
  [1m[36mUser Exists? (0.1ms)[0m  [1m[34mSELECT 1 AS one FROM "users" WHERE "users"."email" = ? LIMIT ?[0m  [["email", "danyell_wisoky@romaguera.info"], ["LIMIT", 1]]
  [1m[36mUser Create (0.2ms)[0m  [1m[32mINSERT INTO "users" ("username", "email", "year_born", "password_digest", "created_at", "updated_at") VALUES (?, ?, ?, ?, ?, ?)[0m  [["username", "whitley.upton"], ["email", "danyell_wisoky@romaguera.info"], ["year_born", 1991], ["password_digest", "[FILTERED]"], ["created_at", "2023-03-30 09:53:36.002830"], ["updated_at", "2023-03-30 09:53:36.002830"]]
  [1m[36mTRANSACTION (11.9ms)[0m  [1m[36mcommit transaction[0m
  [1m[36mTRANSACTION (0.1ms)[0m  [1m[36mbegin transaction[0m
  [1m[36mUser Exists? (0.2ms)[0m  [1m[34mSELECT 1 AS one FROM "users" WHERE "users"."username" = ? LIMIT ?[0m  [["username", "shira"], ["LIMIT", 1]]
  [1m[36mUser Exists? (0.1ms)[0m  [1m[34mSELECT 1 AS one FROM "users" WHERE "users"."email" = ? LIMIT ?[0m  [["email", "deon_gulgowski@sanford-schuster.co"], ["LIMIT", 1]]
  [1m[36mUser Create (0.3ms)[0m  [1m[32mINSERT INTO "users" ("username", "email", "year_born", "password_digest", "created_at", "updated_at") VALUES (?, ?, ?, ?, ?, ?)[0m  [["username", "shira"], ["email", "deon_gulgowski@sanford-schuster.co"], ["year_born", 1966], ["password_digest", "[FILTERED]"], ["created_at", "2023-03-30 09:53:36.021806"], ["updated_at", "2023-03-30 09:53:36.021806"]]
  [1m[36mTRANSACTION (11.0ms)[0m  [1m[36mcommit transaction[0m
  [1m[36mTRANSACTION (0.1ms)[0m  [1m[36mbegin transaction[0m
  [1m[36mUser Exists? (0.2ms)[0m  [1m[34mSELECT 1 AS one FROM "users" WHERE "users"."username" = ? LIMIT ?[0m  [["username", "ta_grimes"], ["LIMIT", 1]]
  [1m[36mUser Exists? (0.2ms)[0m  [1m[34mSELECT 1 AS one FROM "users" WHERE "users"."email" = ? LIMIT ?[0m  [["email", "quintin.bauch@rau-gottlieb.name"], ["LIMIT", 1]]
  [1m[36mUser Create (0.4ms)[0m  [1m[32mINSERT INTO "users" ("username", "email", "year_born", "password_digest", "created_at", "updated_at") VALUES (?, ?, ?, ?, ?, ?)[0m  [["username", "ta_grimes"], ["email", "quintin.bauch@rau-gottlieb.name"], ["year_born", 1984], ["password_digest", "[FILTERED]"], ["created_at", "2023-03-30 09:53:36.043322"], ["updated_at", "2023-03-30 09:53:36.043322"]]
  [1m[36mTRANSACTION (11.4ms)[0m  [1m[36mcommit transaction[0m
  [1m[36mTRANSACTION (0.1ms)[0m  [1m[36mbegin transaction[0m
  [1m[36mUser Exists? (0.2ms)[0m  [1m[34mSELECT 1 AS one FROM "users" WHERE "users"."username" = ? LIMIT ?[0m  [["username", "guadalupe.runolfsson"], ["LIMIT", 1]]
  [1m[36mUser Exists? (0.2ms)[0m  [1m[34mSELECT 1 AS one FROM "users" WHERE "users"."email" = ? LIMIT ?[0m  [["email", "sanford@dubuque.biz"], ["LIMIT", 1]]
  [1m[36mUser Create (0.4ms)[0m  [1m[32mINSERT INTO "users" ("username", "email", "year_born", "password_digest", "created_at", "updated_at") VALUES (?, ?, ?, ?, ?, ?)[0m  [["username", "guadalupe.runolfsson"], ["email", "sanford@dubuque.biz"], ["year_born", 1999], ["password_digest", "[FILTERED]"], ["created_at", "2023-03-30 09:53:36.066182"], ["updated_at", "2023-03-30 09:53:36.066182"]]
  [1m[36mTRANSACTION (11.2ms)[0m  [1m[36mcommit transaction[0m
  [1m[36mTRANSACTION (0.1ms)[0m  [1m[36mbegin transaction[0m
  [1m[36mUser Exists? (0.2ms)[0m  [1m[34mSELECT 1 AS one FROM "users" WHERE "users"."username" = ? LIMIT ?[0m  [["username", "ezekiel"], ["LIMIT", 1]]
  [1m[36mUser Exists? (0.2ms)[0m  [1m[34mSELECT 1 AS one FROM "users" WHERE "users"."email" = ? LIMIT ?[0m  [["email", "hipolito.hammes@ward.name"], ["LIMIT", 1]]
  [1m[36mUser Create (0.5ms)[0m  [1m[32mINSERT INTO "users" ("username", "email", "year_born", "password_digest", "created_at", "updated_at") VALUES (?, ?, ?, ?, ?, ?)[0m  [["username", "ezekiel"], ["email", "hipolito.hammes@ward.name"], ["year_born", 2004], ["password_digest", "[FILTERED]"], ["created_at", "2023-03-30 09:53:36.088649"], ["updated_at", "2023-03-30 09:53:36.088649"]]
  [1m[36mTRANSACTION (10.8ms)[0m  [1m[36mcommit transaction[0m
  [1m[36mTRANSACTION (0.1ms)[0m  [1m[36mbegin transaction[0m
  [1m[36mMovie Create (0.3ms)[0m  [1m[32mINSERT INTO "movies" ("image", "title", "year", "director", "created_at", "updated_at") VALUES (?, ?, ?, ?, ?, ?)[0m  [["image", "https://loremflickr.com/300/300/movie"], ["title", "Gladiator"], ["year", 2015], ["director", "Marla Barton"], ["created_at", "2023-03-30 09:53:36.121497"], ["updated_at", "2023-03-30 09:53:36.121497"]]
  [1m[36mTRANSACTION (10.9ms)[0m  [1m[36mcommit transaction[0m
  [1m[36mTRANSACTION (0.1ms)[0m  [1m[36mbegin transaction[0m
  [1m[36mMovie Create (0.5ms)[0m  [1m[32mINSERT INTO "movies" ("image", "title", "year", "director", "created_at", "updated_at") VALUES (?, ?, ?, ?, ?, ?)[0m  [["image", "https://loremflickr.com/300/300/movie"], ["title", "Goodfellas"], ["year", 2021], ["director", "Brenna Kihn"], ["created_at", "2023-03-30 09:53:36.140183"], ["updated_at", "2023-03-30 09:53:36.140183"]]
  [1m[36mTRANSACTION (11.9ms)[0m  [1m[36mcommit transaction[0m
  [1m[36mTRANSACTION (0.1ms)[0m  [1m[36mbegin transaction[0m
  [1m[36mMovie Create (0.4ms)[0m  [1m[32mINSERT INTO "movies" ("image", "title", "year", "director", "created_at", "updated_at") VALUES (?, ?, ?, ?, ?, ?)[0m  [["image", "https://loremflickr.com/300/300/movie"], ["title", "Blade Runner"], ["year", 2010], ["director", "Rex Friesen"], ["created_at", "2023-03-30 09:53:36.158912"], ["updated_at", "2023-03-30 09:53:36.158912"]]
  [1m[36mTRANSACTION (11.7ms)[0m  [1m[36mcommit transaction[0m
  [1m[36mTRANSACTION (0.1ms)[0m  [1m[36mbegin transaction[0m
  [1m[36mMovie Create (0.4ms)[0m  [1m[32mINSERT INTO "movies" ("image", "title", "year", "director", "created_at", "updated_at") VALUES (?, ?, ?, ?, ?, ?)[0m  [["image", "https://loremflickr.com/300/300/movie"], ["title", "Oldeuboi"], ["year", 2017], ["director", "Marcell Berge"], ["created_at", "2023-03-30 09:53:36.176275"], ["updated_at", "2023-03-30 09:53:36.176275"]]
  [1m[36mTRANSACTION (12.3ms)[0m  [1m[36mcommit transaction[0m
  [1m[36mTRANSACTION (0.1ms)[0m  [1m[36mbegin transaction[0m
  [1m[36mMovie Create (0.4ms)[0m  [1m[32mINSERT INTO "movies" ("image", "title", "year", "director", "created_at", "updated_at") VALUES (?, ?, ?, ?, ?, ?)[0m  [["image", "https://loremflickr.com/300/300/movie"], ["title", "The Grand Budapest Hotel"], ["year", 2016], ["director", "Beatriz Yundt"], ["created_at", "2023-03-30 09:53:36.194252"], ["updated_at", "2023-03-30 09:53:36.194252"]]
  [1m[36mTRANSACTION (11.9ms)[0m  [1m[36mcommit transaction[0m
  [1m[36mTRANSACTION (0.1ms)[0m  [1m[36mbegin transaction[0m
  [1m[36mMovie Create (0.7ms)[0m  [1m[32mINSERT INTO "movies" ("image", "title", "year", "director", "created_at", "updated_at") VALUES (?, ?, ?, ?, ?, ?)[0m  [["image", "https://loremflickr.com/300/300/movie"], ["title", "Taxi Driver"], ["year", 2002], ["director", "Woodrow Krajcik"], ["created_at", "2023-03-30 09:53:36.213283"], ["updated_at", "2023-03-30 09:53:36.213283"]]
  [1m[36mTRANSACTION (11.9ms)[0m  [1m[36mcommit transaction[0m
  [1m[36mTRANSACTION (0.2ms)[0m  [1m[36mbegin transaction[0m
  [1m[36mMovie Create (0.7ms)[0m  [1m[32mINSERT INTO "movies" ("image", "title", "year", "director", "created_at", "updated_at") VALUES (?, ?, ?, ?, ?, ?)[0m  [["image", "https://loremflickr.com/300/300/movie"], ["title", "The Departed"], ["year", 2009], ["director", "Dennis Barrows"], ["created_at", "2023-03-30 09:53:36.235947"], ["updated_at", "2023-03-30 09:53:36.235947"]]
  [1m[36mTRANSACTION (11.4ms)[0m  [1m[36mcommit transaction[0m
  [1m[36mTRANSACTION (0.1ms)[0m  [1m[36mbegin transaction[0m
  [1m[36mMovie Create (0.7ms)[0m  [1m[32mINSERT INTO "movies" ("image", "title", "year", "director", "created_at", "updated_at") VALUES (?, ?, ?, ?, ?, ?)[0m  [["image", "https://loremflickr.com/300/300/movie"], ["title", "The Big Lebowski"], ["year", 2023], ["director", "Rashad Gorczany"], ["created_at", "2023-03-30 09:53:36.257468"], ["updated_at", "2023-03-30 09:53:36.257468"]]
  [1m[36mTRANSACTION (12.4ms)[0m  [1m[36mcommit transaction[0m
  [1m[36mTRANSACTION (0.1ms)[0m  [1m[36mbegin transaction[0m
  [1m[36mMovie Create (0.7ms)[0m  [1m[32mINSERT INTO "movies" ("image", "title", "year", "director", "created_at", "updated_at") VALUES (?, ?, ?, ?, ?, ?)[0m  [["image", "https://loremflickr.com/300/300/movie"], ["title", "The Lord of the Rings: The Two Towers"], ["year", 2020], ["director", "Rev. Charita Wolf"], ["created_at", "2023-03-30 09:53:36.280199"], ["updated_at", "2023-03-30 09:53:36.280199"]]
  [1m[36mTRANSACTION (11.2ms)[0m  [1m[36mcommit transaction[0m
  [1m[36mTRANSACTION (0.1ms)[0m  [1m[36mbegin transaction[0m
  [1m[36mMovie Create (0.7ms)[0m  [1m[32mINSERT INTO "movies" ("image", "title", "year", "director", "created_at", "updated_at") VALUES (?, ?, ?, ?, ?, ?)[0m  [["image", "https://loremflickr.com/300/300/movie"], ["title", "Alien"], ["year", 2019], ["director", "Dario Kuhn"], ["created_at", "2023-03-30 09:53:36.301627"], ["updated_at", "2023-03-30 09:53:36.301627"]]
  [1m[36mTRANSACTION (12.5ms)[0m  [1m[36mcommit transaction[0m
  [1m[36mTRANSACTION (0.1ms)[0m  [1m[36mbegin transaction[0m
  [1m[36mMovie Load (0.1ms)[0m  [1m[34mSELECT "movies".* FROM "movies" WHERE "movies"."id" = ? LIMIT ?[0m  [["id", 5], ["LIMIT", 1]]
  [1m[36mReview Create (0.3ms)[0m  [1m[32mINSERT INTO "reviews" ("rating", "comment", "user_id", "movie_id", "created_at", "updated_at") VALUES (?, ?, ?, ?, ?, ?)[0m  [["rating", 2], ["comment", "Velit ipsum repellat eligendi voluptas quod sit omnis similique ab."], ["user_id", 8], ["movie_id", 5], ["created_at", "2023-03-30 09:53:36.369787"], ["updated_at", "2023-03-30 09:53:36.369787"]]
  [1m[36mTRANSACTION (11.5ms)[0m  [1m[36mcommit transaction[0m
  [1m[36mTRANSACTION (0.2ms)[0m  [1m[36mbegin transaction[0m
  [1m[36mMovie Load (0.3ms)[0m  [1m[34mSELECT "movies".* FROM "movies" WHERE "movies"."id" = ? LIMIT ?[0m  [["id", 5], ["LIMIT", 1]]
  [1m[36mReview Create (0.9ms)[0m  [1m[32mINSERT INTO "reviews" ("rating", "comment", "user_id", "movie_id", "created_at", "updated_at") VALUES (?, ?, ?, ?, ?, ?)[0m  [["rating", 1], ["comment", "Qui nulla consectetur quia quae aut qui ea cupiditate debitis."], ["user_id", 10], ["movie_id", 5], ["created_at", "2023-03-30 09:53:36.392374"], ["updated_at", "2023-03-30 09:53:36.392374"]]
  [1m[36mTRANSACTION (12.2ms)[0m  [1m[36mcommit transaction[0m
  [1m[36mTRANSACTION (0.1ms)[0m  [1m[36mbegin transaction[0m
  [1m[36mMovie Load (0.2ms)[0m  [1m[34mSELECT "movies".* FROM "movies" WHERE "movies"."id" = ? LIMIT ?[0m  [["id", 4], ["LIMIT", 1]]
  [1m[36mReview Create (0.5ms)[0m  [1m[32mINSERT INTO "reviews" ("rating", "comment", "user_id", "movie_id", "created_at", "updated_at") VALUES (?, ?, ?, ?, ?, ?)[0m  [["rating", 1], ["comment", "Laborum numquam ratione eum et fugit sequi qui tenetur ex."], ["user_id", 6], ["movie_id", 4], ["created_at", "2023-03-30 09:53:36.415030"], ["updated_at", "2023-03-30 09:53:36.415030"]]
  [1m[36mTRANSACTION (11.7ms)[0m  [1m[36mcommit transaction[0m
  [1m[36mTRANSACTION (0.1ms)[0m  [1m[36mbegin transaction[0m
  [1m[36mMovie Load (0.3ms)[0m  [1m[34mSELECT "movies".* FROM "movies" WHERE "movies"."id" = ? LIMIT ?[0m  [["id", 8], ["LIMIT", 1]]
  [1m[36mReview Create (0.9ms)[0m  [1m[32mINSERT INTO "reviews" ("rating", "comment", "user_id", "movie_id", "created_at", "updated_at") VALUES (?, ?, ?, ?, ?, ?)[0m  [["rating", 4], ["comment", "Ex veritatis voluptatem ad aut libero corporis dignissimos similique ut."], ["user_id", 7], ["movie_id", 8], ["created_at", "2023-03-30 09:53:36.439800"], ["updated_at", "2023-03-30 09:53:36.439800"]]
  [1m[36mTRANSACTION (12.7ms)[0m  [1m[36mcommit transaction[0m
  [1m[36mTRANSACTION (0.1ms)[0m  [1m[36mbegin transaction[0m
  [1m[36mMovie Load (0.3ms)[0m  [1m[34mSELECT "movies".* FROM "movies" WHERE "movies"."id" = ? LIMIT ?[0m  [["id", 3], ["LIMIT", 1]]
  [1m[36mReview Create (0.8ms)[0m  [1m[32mINSERT INTO "reviews" ("rating", "comment", "user_id", "movie_id", "created_at", "updated_at") VALUES (?, ?, ?, ?, ?, ?)[0m  [["rating", 4], ["comment", "Illum quo non enim fuga tenetur rem quia sequi quaerat."], ["user_id", 4], ["movie_id", 3], ["created_at", "2023-03-30 09:53:36.466576"], ["updated_at", "2023-03-30 09:53:36.466576"]]
  [1m[36mTRANSACTION (12.9ms)[0m  [1m[36mcommit transaction[0m
  [1m[36mTRANSACTION (0.1ms)[0m  [1m[36mbegin transaction[0m
  [1m[36mMovie Load (0.3ms)[0m  [1m[34mSELECT "movies".* FROM "movies" WHERE "movies"."id" = ? LIMIT ?[0m  [["id", 3], ["LIMIT", 1]]
  [1m[36mReview Create (0.8ms)[0m  [1m[32mINSERT INTO "reviews" ("rating", "comment", "user_id", "movie_id", "created_at", "updated_at") VALUES (?, ?, ?, ?, ?, ?)[0m  [["rating", 1], ["comment", "Dolorem delectus incidunt tenetur qui ratione sit itaque nihil voluptatem."], ["user_id", 1], ["movie_id", 3], ["created_at", "2023-03-30 09:53:36.493418"], ["updated_at", "2023-03-30 09:53:36.493418"]]
  [1m[36mTRANSACTION (13.3ms)[0m  [1m[36mcommit transaction[0m
  [1m[36mTRANSACTION (0.2ms)[0m  [1m[36mbegin transaction[0m
  [1m[36mMovie Load (0.3ms)[0m  [1m[34mSELECT "movies".* FROM "movies" WHERE "movies"."id" = ? LIMIT ?[0m  [["id", 2], ["LIMIT", 1]]
  [1m[36mReview Create (0.8ms)[0m  [1m[32mINSERT INTO "reviews" ("rating", "comment", "user_id", "movie_id", "created_at", "updated_at") VALUES (?, ?, ?, ?, ?, ?)[0m  [["rating", 1], ["comment", "Velit magnam iusto nam molestiae exercitationem quaerat a voluptatem excepturi."], ["user_id", 5], ["movie_id", 2], ["created_at", "2023-03-30 09:53:36.520820"], ["updated_at", "2023-03-30 09:53:36.520820"]]
  [1m[36mTRANSACTION (12.4ms)[0m  [1m[36mcommit transaction[0m
  [1m[36mTRANSACTION (0.1ms)[0m  [1m[36mbegin transaction[0m
  [1m[36mMovie Load (0.3ms)[0m  [1m[34mSELECT "movies".* FROM "movies" WHERE "movies"."id" = ? LIMIT ?[0m  [["id", 10], ["LIMIT", 1]]
  [1m[36mReview Create (0.8ms)[0m  [1m[32mINSERT INTO "reviews" ("rating", "comment", "user_id", "movie_id", "created_at", "updated_at") VALUES (?, ?, ?, ?, ?, ?)[0m  [["rating", 3], ["comment", "Ipsa odio quis illo ut provident qui aliquam omnis dolores."], ["user_id", 2], ["movie_id", 10], ["created_at", "2023-03-30 09:53:36.547369"], ["updated_at", "2023-03-30 09:53:36.547369"]]
  [1m[36mTRANSACTION (12.2ms)[0m  [1m[36mcommit transaction[0m
  [1m[36mTRANSACTION (0.1ms)[0m  [1m[36mbegin transaction[0m
  [1m[36mMovie Load (0.2ms)[0m  [1m[34mSELECT "movies".* FROM "movies" WHERE "movies"."id" = ? LIMIT ?[0m  [["id", 3], ["LIMIT", 1]]
  [1m[36mReview Create (0.6ms)[0m  [1m[32mINSERT INTO "reviews" ("rating", "comment", "user_id", "movie_id", "created_at", "updated_at") VALUES (?, ?, ?, ?, ?, ?)[0m  [["rating", 4], ["comment", "Delectus non repellat illum quam pariatur velit officiis optio nobis."], ["user_id", 3], ["movie_id", 3], ["created_at", "2023-03-30 09:53:36.570152"], ["updated_at", "2023-03-30 09:53:36.570152"]]
  [1m[36mTRANSACTION (11.8ms)[0m  [1m[36mcommit transaction[0m
  [1m[36mTRANSACTION (0.1ms)[0m  [1m[36mbegin transaction[0m
  [1m[36mMovie Load (0.2ms)[0m  [1m[34mSELECT "movies".* FROM "movies" WHERE "movies"."id" = ? LIMIT ?[0m  [["id", 4], ["LIMIT", 1]]
  [1m[36mReview Create (0.8ms)[0m  [1m[32mINSERT INTO "reviews" ("rating", "comment", "user_id", "movie_id", "created_at", "updated_at") VALUES (?, ?, ?, ?, ?, ?)[0m  [["rating", 4], ["comment", "Expedita laborum fugit modi rem doloremque laudantium cum ut asperiores."], ["user_id", 9], ["movie_id", 4], ["created_at", "2023-03-30 09:53:36.591952"], ["updated_at", "2023-03-30 09:53:36.591952"]]
  [1m[36mTRANSACTION (11.8ms)[0m  [1m[36mcommit transaction[0m
  [1m[36mTRANSACTION (0.1ms)[0m  [1m[36mbegin transaction[0m
  [1m[36mUser Load (0.2ms)[0m  [1m[34mSELECT "users".* FROM "users" WHERE "users"."id" = ? LIMIT ?[0m  [["id", 4], ["LIMIT", 1]]
  [1m[36mMovie Load (0.1ms)[0m  [1m[34mSELECT "movies".* FROM "movies" WHERE "movies"."id" = ? LIMIT ?[0m  [["id", 8], ["LIMIT", 1]]
  [1m[36mUserMovie Create (0.4ms)[0m  [1m[32mINSERT INTO "user_movies" ("genre", "user_id", "movie_id", "created_at", "updated_at") VALUES (?, ?, ?, ?, ?)[0m  [["genre", "Historical fiction"], ["user_id", 4], ["movie_id", 8], ["created_at", "2023-03-30 09:53:36.642557"], ["updated_at", "2023-03-30 09:53:36.642557"]]
  [1m[36mTRANSACTION (10.8ms)[0m  [1m[36mcommit transaction[0m
  [1m[36mTRANSACTION (0.1ms)[0m  [1m[36mbegin transaction[0m
  [1m[36mUser Load (0.2ms)[0m  [1m[34mSELECT "users".* FROM "users" WHERE "users"."id" = ? LIMIT ?[0m  [["id", 3], ["LIMIT", 1]]
  [1m[36mMovie Load (0.1ms)[0m  [1m[34mSELECT "movies".* FROM "movies" WHERE "movies"."id" = ? LIMIT ?[0m  [["id", 4], ["LIMIT", 1]]
  [1m[36mUserMovie Create (0.4ms)[0m  [1m[32mINSERT INTO "user_movies" ("genre", "user_id", "movie_id", "created_at", "updated_at") VALUES (?, ?, ?, ?, ?)[0m  [["genre", "Fairy tale"], ["user_id", 3], ["movie_id", 4], ["created_at", "2023-03-30 09:53:36.664900"], ["updated_at", "2023-03-30 09:53:36.664900"]]
  [1m[36mTRANSACTION (15.3ms)[0m  [1m[36mcommit transaction[0m
  [1m[36mTRANSACTION (0.2ms)[0m  [1m[36mbegin transaction[0m
  [1m[36mUser Load (0.2ms)[0m  [1m[34mSELECT "users".* FROM "users" WHERE "users"."id" = ? LIMIT ?[0m  [["id", 9], ["LIMIT", 1]]
  [1m[36mMovie Load (0.1ms)[0m  [1m[34mSELECT "movies".* FROM "movies" WHERE "movies"."id" = ? LIMIT ?[0m  [["id", 10], ["LIMIT", 1]]
  [1m[36mUserMovie Create (0.5ms)[0m  [1m[32mINSERT INTO "user_movies" ("genre", "user_id", "movie_id", "created_at", "updated_at") VALUES (?, ?, ?, ?, ?)[0m  [["genre", "Fiction in verse"], ["user_id", 9], ["movie_id", 10], ["created_at", "2023-03-30 09:53:36.693127"], ["updated_at", "2023-03-30 09:53:36.693127"]]
  [1m[36mTRANSACTION (11.8ms)[0m  [1m[36mcommit transaction[0m
  [1m[36mTRANSACTION (0.1ms)[0m  [1m[36mbegin transaction[0m
  [1m[36mUser Load (0.2ms)[0m  [1m[34mSELECT "users".* FROM "users" WHERE "users"."id" = ? LIMIT ?[0m  [["id", 6], ["LIMIT", 1]]
  [1m[36mMovie Load (0.1ms)[0m  [1m[34mSELECT "movies".* FROM "movies" WHERE "movies"."id" = ? LIMIT ?[0m  [["id", 4], ["LIMIT", 1]]
  [1m[36mUserMovie Create (0.7ms)[0m  [1m[32mINSERT INTO "user_movies" ("genre", "user_id", "movie_id", "created_at", "updated_at") VALUES (?, ?, ?, ?, ?)[0m  [["genre", "Fiction in verse"], ["user_id", 6], ["movie_id", 4], ["created_at", "2023-03-30 09:53:36.718869"], ["updated_at", "2023-03-30 09:53:36.718869"]]
  [1m[36mTRANSACTION (12.7ms)[0m  [1m[36mcommit transaction[0m
  [1m[36mTRANSACTION (0.3ms)[0m  [1m[36mbegin transaction[0m
  [1m[36mUser Load (0.4ms)[0m  [1m[34mSELECT "users".* FROM "users" WHERE "users"."id" = ? LIMIT ?[0m  [["id", 2], ["LIMIT", 1]]
  [1m[36mMovie Load (0.2ms)[0m  [1m[34mSELECT "movies".* FROM "movies" WHERE "movies"."id" = ? LIMIT ?[0m  [["id", 7], ["LIMIT", 1]]
  [1m[36mUserMovie Create (0.5ms)[0m  [1m[32mINSERT INTO "user_movies" ("genre", "user_id", "movie_id", "created_at", "updated_at") VALUES (?, ?, ?, ?, ?)[0m  [["genre", "Folklore"], ["user_id", 2], ["movie_id", 7], ["created_at", "2023-03-30 09:53:36.757401"], ["updated_at", "2023-03-30 09:53:36.757401"]]
  [1m[36mTRANSACTION (11.3ms)[0m  [1m[36mcommit transaction[0m
